# JRE version: OpenJDK Runtime Environment (21.0.5) (build 21.0.5+-13047016-b750.29)
# Java VM: OpenJDK 64-Bit Server VM (21.0.5+-13047016-b750.29, mixed mode, tiered, compressed oops, compressed class ptrs, g1 gc, windows-amd64)
GC Precious Log:
 CardTable entry size: 512
 Card Set container configuration: InlinePtr #cards 5 size 8 Array Of Cards #cards 12 size 40 Howl #buckets 4 coarsen threshold 1843 Howl Bitmap #cards 512 size 80 coarsen threshold 460 Card regions per heap region 1 cards per card region 2048
 CPUs: 8 total, 8 available
 Memory: 8037M
 Large Page Support: Disabled
 NUMA Support: Disabled
 Compressed Oops: Enabled (32-bit)
 Heap Region Size: 1M
 Heap Min Capacity: 8M
 Heap Initial Capacity: 126M
 Heap Max Capacity: 512M
 Pre-touch: Disabled
 Parallel Workers: 8
 Concurrent Workers: 2
 Concurrent Refinement Workers: 8
 Periodic GC: Disabled
Heap:
 garbage-first heap   total 315392K, used 278141K [0x00000000e0000000, 0x0000000100000000)
  region size 1024K, 3 young (3072K), 1 survivors (1024K)
 Metaspace       used 21323K, committed 21568K, reserved 1114112K
  class space    used 2227K, committed 2368K, reserved 1048576K
GC Heap History (12 events):
Event: 1.916 GC heap before
{Heap before GC invocations=0 (full 0):
 garbage-first heap   total 129024K, used 22528K [0x00000000e0000000, 0x0000000100000000)
  region size 1024K, 23 young (23552K), 0 survivors (0K)
 Metaspace       used 13921K, committed 14144K, reserved 1114112K
  class space    used 1446K, committed 1536K, reserved 1048576K
}
Event: 1.926 GC heap after
{Heap after GC invocations=1 (full 0):
 garbage-first heap   total 129024K, used 12247K [0x00000000e0000000, 0x0000000100000000)
  region size 1024K, 3 young (3072K), 3 survivors (3072K)
 Metaspace       used 13921K, committed 14144K, reserved 1114112K
  class space    used 1446K, committed 1536K, reserved 1048576K
}
Event: 2.443 GC heap before
{Heap before GC invocations=1 (full 0):
 garbage-first heap   total 129024K, used 30679K [0x00000000e0000000, 0x0000000100000000)
  region size 1024K, 22 young (22528K), 3 survivors (3072K)
 Metaspace       used 17125K, committed 17408K, reserved 1114112K
  class space    used 1786K, committed 1920K, reserved 1048576K
}
Event: 2.451 GC heap after
{Heap after GC invocations=2 (full 0):
 garbage-first heap   total 129024K, used 15543K [0x00000000e0000000, 0x0000000100000000)
  region size 1024K, 3 young (3072K), 3 survivors (3072K)
 Metaspace       used 17125K, committed 17408K, reserved 1114112K
  class space    used 1786K, committed 1920K, reserved 1048576K
}
Event: 2.851 GC heap before
{Heap before GC invocations=2 (full 0):
 garbage-first heap   total 129024K, used 51383K [0x00000000e0000000, 0x0000000100000000)
  region size 1024K, 34 young (34816K), 3 survivors (3072K)
 Metaspace       used 17495K, committed 17728K, reserved 1114112K
  class space    used 1831K, committed 1920K, reserved 1048576K
}
Event: 2.869 GC heap after
{Heap after GC invocations=3 (full 0):
 garbage-first heap   total 129024K, used 32875K [0x00000000e0000000, 0x0000000100000000)
  region size 1024K, 5 young (5120K), 5 survivors (5120K)
 Metaspace       used 17495K, committed 17728K, reserved 1114112K
  class space    used 1831K, committed 1920K, reserved 1048576K
}
Event: 3.054 GC heap before
{Heap before GC invocations=3 (full 0):
 garbage-first heap   total 129024K, used 81003K [0x00000000e0000000, 0x0000000100000000)
  region size 1024K, 41 young (41984K), 5 survivors (5120K)
 Metaspace       used 17549K, committed 17856K, reserved 1114112K
  class space    used 1836K, committed 1984K, reserved 1048576K
}
Event: 3.084 GC heap after
{Heap after GC invocations=4 (full 0):
 garbage-first heap   total 129024K, used 58954K [0x00000000e0000000, 0x0000000100000000)
  region size 1024K, 6 young (6144K), 6 survivors (6144K)
 Metaspace       used 17549K, committed 17856K, reserved 1114112K
  class space    used 1836K, committed 1984K, reserved 1048576K
}
Event: 4.016 GC heap before
{Heap before GC invocations=4 (full 0):
 garbage-first heap   total 129024K, used 93770K [0x00000000e0000000, 0x0000000100000000)
  region size 1024K, 36 young (36864K), 6 survivors (6144K)
 Metaspace       used 20542K, committed 20800K, reserved 1114112K
  class space    used 2089K, committed 2240K, reserved 1048576K
}
Event: 4.051 GC heap after
{Heap after GC invocations=5 (full 0):
 garbage-first heap   total 129024K, used 73998K [0x00000000e0000000, 0x0000000100000000)
  region size 1024K, 5 young (5120K), 5 survivors (5120K)
 Metaspace       used 20542K, committed 20800K, reserved 1114112K
  class space    used 2089K, committed 2240K, reserved 1048576K
}
Event: 4.815 GC heap before
{Heap before GC invocations=5 (full 0):
 garbage-first heap   total 129024K, used 76046K [0x00000000e0000000, 0x0000000100000000)
  region size 1024K, 8 young (8192K), 5 survivors (5120K)
 Metaspace       used 21265K, committed 21504K, reserved 1114112K
  class space    used 2218K, committed 2304K, reserved 1048576K
}
Event: 4.825 GC heap after
{Heap after GC invocations=6 (full 0):
 garbage-first heap   total 129024K, used 75905K [0x00000000e0000000, 0x0000000100000000)
  region size 1024K, 1 young (1024K), 1 survivors (1024K)
 Metaspace       used 21265K, committed 21504K, reserved 1114112K
  class space    used 2218K, committed 2304K, reserved 1048576K
}

